<?xml version="1.0" encoding="UTF-8"?>
<Site BuildName="(empty)"
	BuildStamp="20260410-1923-Experimental"
	Name="(empty)"
	Generator="ctest-3.30.7"
	CompilerName=""
	CompilerVersion=""
	OSName="Windows"
	Hostname="JeffsDesktop"
	OSRelease=" Professional"
	OSVersion=" (Build 9200)"
	OSPlatform="AMD64"
	Is64Bits="1"
	VendorString=""
	VendorID="Unknown Manufacturer"
	FamilyID="0"
	ModelID="0"
	ProcessorCacheSize="0"
	NumberOfLogicalCPU="16"
	NumberOfPhysicalCPU="8"
	TotalVirtualMemory="69536"
	TotalPhysicalMemory="65440"
	LogicalProcessorsPerPhysical="2"
	ProcessorClockFrequency="3793"
	>
	<Testing>
		<StartDateTime>Apr 10 14:25 Central Daylight Time</StartDateTime>
		<StartTestTime>1775849113</StartTestTime>
		<TestList/>
		<EndDateTime>Apr 10 14:25 Central Daylight Time</EndDateTime>
		<EndTestTime>1775849113</EndTestTime>
		<ElapsedMinutes>0</ElapsedMinutes>
	</Testing>
</Site>
