Start testing: Apr 10 14:24 Central Daylight Time
----------------------------------------------------------
1/16 Testing: lumalink_json_tests
1/16 Test: lumalink_json_tests
Command: "C:/ode/lumalink-json/build/windows-msvc-debug/test/Debug/lumalink_json_tests.exe"
Directory: C:/ode/lumalink-json/build/windows-msvc-debug/test
"lumalink_json_tests" start time: Apr 10 14:24 Central Daylight Time
Output:
----------------------------------------------------------
C:\ode\lumalink-json\test\test_native\test_main.cpp:103:test_tst_01_native_fixture_parses_and_serializes_json:PASS
C:\ode\lumalink-json\test\test_native\test_main.cpp:104:test_tst_02_expected_assertion_helpers_cover_success_and_failure:PASS
C:\ode\lumalink-json\test\test_native\test_main.cpp:105:test_tst_03_error_context_helpers_cover_kind_key_and_depth:PASS
C:\ode\lumalink-json\test\test_native\test_main.cpp:106:test_tst_04_round_trip_helper_reparses_encoded_json:PASS
C:\ode\lumalink-json\test\test_native\test_main.cpp:107:test_tst_05_not_implemented_error_alias_smoke:PASS
C:\ode\lumalink-json\test\test_native\test_main.cpp:318:test_scl_01_null_decode_success_from_json_null:PASS
C:\ode\lumalink-json\test\test_native\test_main.cpp:319:test_scl_02_null_rejects_non_null_values:PASS
C:\ode\lumalink-json\test\test_native\test_main.cpp:320:test_scl_03_boolean_true_false_decode_and_encode:PASS
C:\ode\lumalink-json\test\test_native\test_main.cpp:321:test_scl_04_boolean_wrong_type_failures:PASS
C:\ode\lumalink-json\test\test_native\test_main.cpp:322:test_scl_05_integer_signed_and_unsigned_target_types:PASS
C:\ode\lumalink-json\test\test_native\test_main.cpp:323:test_scl_06_integer_boundary_values_and_range_failures:PASS
C:\ode\lumalink-json\test\test_native\test_main.cpp:324:test_scl_07_integer_min_max_value_option_behavior:PASS
C:\ode\lumalink-json\test\test_native\test_main.cpp:325:test_scl_08_number_float_and_double_decode_and_encode:PASS
C:\ode\lumalink-json\test\test_native\test_main.cpp:326:test_scl_09_number_accepted_numeric_input_forms:PASS
C:\ode\lumalink-json\test\test_native\test_main.cpp:327:test_scl_10_string_empty_non_empty_and_wrong_type_values:PASS
C:\ode\lumalink-json\test\test_native\test_main.cpp:328:test_scl_11_string_lifetime_expectations_for_supported_targets:PASS
C:\ode\lumalink-json\test\test_native\test_main.cpp:329:test_scl_12_string_pattern_option_behavior:PASS
C:\ode\lumalink-json\test\test_native\test_main.cpp:330:test_scl_13_enum_string_successful_decode_of_every_mapped_token:PASS
C:\ode\lumalink-json\test\test_native\test_main.cpp:331:test_scl_14_enum_string_successful_encode_of_every_mapped_value:PASS
C:\ode\lumalink-json\test\test_native\test_main.cpp:332:test_scl_15_enum_string_unknown_on_unknown_input_tokens:PASS
C:\ode\lumalink-json\test\test_native\test_main.cpp:333:test_scl_16_enum_value_unmapped_on_unmapped_encode_values:PASS
C:\ode\lumalink-json\test\test_native\test_main.cpp:334:test_scl_17_any_pass_through_decode_and_encode_behavior:PASS
C:\ode\lumalink-json\test\test_native\test_main.cpp:377:test_cmp_01_field_and_object_required_field_decode_success:PASS
C:\ode\lumalink-json\test\test_native\test_main.cpp:378:test_cmp_02_field_and_object_missing_field_failures:PASS
C:\ode\lumalink-json\test\test_native\test_main.cpp:379:test_cmp_03_field_and_object_nested_field_context_propagation:PASS
C:\ode\lumalink-json\test\test_native\test_main.cpp:380:test_cmp_04_object_declaration_order_traversal_is_deterministic:PASS
C:\ode\lumalink-json\test\test_native\test_main.cpp:381:test_cmp_05_optional_present_values:PASS
C:\ode\lumalink-json\test\test_native\test_main.cpp:382:test_cmp_06_optional_missing_fields:PASS
C:\ode\lumalink-json\test\test_native\test_main.cpp:383:test_cmp_07_optional_explicit_json_null_values:PASS
C:\ode\lumalink-json\test\test_native\test_main.cpp:384:test_cmp_08_array_of_homogeneous_container_decode_and_encode:PASS
C:\ode\lumalink-json\test\test_native\test_main.cpp:385:test_cmp_09_array_of_per_element_type_failures_have_index_context:PASS
C:\ode\lumalink-json\test\test_native\test_main.cpp:386:test_cmp_10_array_of_min_max_elements_behavior:PASS
C:\ode\lumalink-json\test\test_native\test_main.cpp:387:test_cmp_11_tuple_exact_positional_decode_and_encode:PASS
C:\ode\lumalink-json\test\test_native\test_main.cpp:388:test_cmp_12_tuple_array_size_mismatch_failures:PASS
C:\ode\lumalink-json\test\test_native\test_main.cpp:389:test_cmp_13_tuple_per_position_type_mismatch_context:PASS
C:\ode\lumalink-json\test\test_native\test_main.cpp:390:test_cmp_14_one_of_ordered_alternative_selection_with_first_successful_match:PASS
C:\ode\lumalink-json\test\test_native\test_main.cpp:391:test_cmp_15_one_of_all_alternatives_failed_error_reporting:PASS
C:\ode\lumalink-json\test\test_native\test_main.cpp:392:test_cmp_16_one_of_supported_ambiguity_behavior_uses_first_matching_alternative:PASS
C:\ode\lumalink-json\test\test_native\test_main.cpp:393:test_cmp_17_reusable_specs_compose_across_nested_composite_nodes:PASS
C:\ode\lumalink-json\test\test_native\test_main.cpp:394:test_cmp_18_composed_specs_preserve_nested_error_context:PASS
C:\ode\lumalink-json\test\test_native\test_main.cpp:287:test_val_01_boolean_return_validator_success:PASS
C:\ode\lumalink-json\test\test_native\test_main.cpp:288:test_val_02_boolean_return_validator_failure:PASS
C:\ode\lumalink-json\test\test_native\test_main.cpp:289:test_val_03_expected_return_validator_success:PASS
C:\ode\lumalink-json\test\test_native\test_main.cpp:290:test_val_04_expected_return_validator_failure:PASS
C:\ode\lumalink-json\test\test_native\test_main.cpp:291:test_val_05_validators_run_after_successful_base_decode:PASS
C:\ode\lumalink-json\test\test_native\test_main.cpp:292:test_val_06_validators_run_during_encode:PASS
C:\ode\lumalink-json\test\test_native\test_main.cpp:293:test_val_07_name_option_appears_in_error_context:PASS
C:\ode\lumalink-json\test\test_native\test_main.cpp:294:test_val_08_min_max_elements_lower_and_upper_bounds:PASS
C:\ode\lumalink-json\test\test_native\test_main.cpp:295:test_val_09_min_max_value_lower_and_upper_bounds:PASS
C:\ode\lumalink-json\test\test_native\test_main.cpp:296:test_val_10_pattern_accepts_and_rejects_values:PASS
C:\ode\lumalink-json\test\test_native\test_main.cpp:385:test_err_01_every_supported_runtime_error_code_is_covered:PASS
C:\ode\lumalink-json\test\test_native\test_main.cpp:386:test_err_02_full_context_policy_retains_full_path:PASS
C:\ode\lumalink-json\test\test_native\test_main.cpp:387:test_err_03_last_context_policy_retains_outermost_entry:PASS
C:\ode\lumalink-json\test\test_native\test_main.cpp:388:test_err_04_none_context_policy_omits_context:PASS
C:\ode\lumalink-json\test\test_native\test_main.cpp:389:test_err_05_first_failure_is_returned_without_hidden_recovery:PASS
C:\ode\lumalink-json\test\test_native\test_main.cpp:390:test_err_06_nested_object_array_tuple_scalar_context_is_index_aware:PASS
C:\ode\lumalink-json\test\test_native\test_main.cpp:391:test_err_07_enum_mapping_failures_include_node_kind_field_key_and_logical_name:PASS
C:\ode\lumalink-json\test\test_native\test_main.cpp:392:test_err_08_validation_error_codes_are_differentiated:PASS
C:\ode\lumalink-json\test\test_native\test_main.cpp:393:test_err_09_builtin_error_spec_serializes_common_error_shape:PASS
C:\ode\lumalink-json\test\test_native\test_main.cpp:394:test_err_10_builtin_error_spec_round_trips_context_entries:PASS
C:\ode\lumalink-json\test\test_native\test_main.cpp:122:test_bck_01_deserialize_accepts_json_variant_const:PASS
C:\ode\lumalink-json\test\test_native\test_main.cpp:123:test_bck_02_deserialize_accepts_raw_json_input:PASS
C:\ode\lumalink-json\test\test_native\test_main.cpp:124:test_bck_03_empty_input_maps_to_empty_input:PASS
C:\ode\lumalink-json\test\test_native\test_main.cpp:125:test_bck_04_incomplete_json_maps_to_incomplete_input:PASS
C:\ode\lumalink-json\test\test_native\test_main.cpp:126:test_bck_05_malformed_json_maps_to_invalid_input:PASS
C:\ode\lumalink-json\test\test_native\test_main.cpp:127:test_bck_06_backend_memory_exhaustion_maps_to_no_memory:PASS
C:\ode\lumalink-json\test\test_native\test_main.cpp:128:test_bck_07_excessive_nesting_maps_to_too_deep:PASS
C:\ode\lumalink-json\test\test_native\test_main.cpp:717:test_ext_01_custom_decoder_specialization_supports_non_standard_targets:PASS
C:\ode\lumalink-json\test\test_native\test_main.cpp:718:test_ext_01b_custom_decoder_parses_indexed_color_stop_lists:PASS
C:\ode\lumalink-json\test\test_native\test_main.cpp:719:test_ext_02_custom_encoder_specialization_supports_non_standard_sources:PASS
C:\ode\lumalink-json\test\test_native\test_main.cpp:720:test_ext_03_custom_enum_mapping_traits_support_project_specific_enums:PASS
C:\ode\lumalink-json\test\test_native\test_main.cpp:721:test_ext_04_custom_converter_failures_propagate_expected_errors:PASS
C:\ode\lumalink-json\test\test_native\test_main.cpp:722:test_ext_05_codec_wrapped_spec_supports_std_any_decode:PASS
C:\ode\lumalink-json\test\test_native\test_main.cpp:723:test_ext_06_codec_wrapped_spec_supports_std_any_encode:PASS
C:\ode\lumalink-json\test\test_native\test_main.cpp:724:test_ext_07_codec_wrapped_spec_supports_second_tagged_structure:PASS
C:\ode\lumalink-json\test\test_native\test_main.cpp:725:test_ext_08_codec_wrapped_spec_propagates_std_any_failures:PASS
C:\ode\lumalink-json\test\test_native\test_main.cpp:240:test_rt_01_scalar_nodes_round_trip:PASS
C:\ode\lumalink-json\test\test_native\test_main.cpp:241:test_rt_02_nested_objects_round_trip:PASS
C:\ode\lumalink-json\test\test_native\test_main.cpp:242:test_rt_03_arrays_tuples_and_optionals_round_trip:PASS
C:\ode\lumalink-json\test\test_native\test_main.cpp:243:test_rt_04_enums_round_trip_through_canonical_tokens:PASS
C:\ode\lumalink-json\test\test_native\test_main.cpp:244:test_rt_05_one_of_round_trip_each_supported_alternative:PASS
C:\ode\lumalink-json\test\test_native\test_main.cpp:245:test_rt_06_nested_validators_and_enum_mapping_round_trip:PASS
C:\ode\lumalink-json\test\test_native\test_main.cpp:382:test_sch_01_scalar_nodes_emit_type_declarations:PASS
C:\ode\lumalink-json\test\test_native\test_main.cpp:383:test_sch_02_field_and_object_emit_properties_required_and_stable_order:PASS
C:\ode\lumalink-json\test\test_native\test_main.cpp:384:test_sch_03_optional_array_tuple_and_one_of_emit_supported_forms:PASS
C:\ode\lumalink-json\test\test_native\test_main.cpp:385:test_sch_04_enum_string_mappings_emit_enum_token_arrays:PASS
C:\ode\lumalink-json\test\test_native\test_main.cpp:386:test_sch_05_supported_options_project_schema_keywords:PASS
C:\ode\lumalink-json\test\test_native\test_main.cpp:387:test_sch_06_schema_generation_writes_to_caller_provided_document:PASS
C:\ode\lumalink-json\test\test_native\test_main.cpp:388:test_sch_07_builtin_error_spec_emits_common_error_schema:PASS
C:\ode\lumalink-json\test\test_native\test_main.cpp:389:test_sch_08_codec_wrapped_specs_reuse_inner_schema_shape:PASS
C:\ode\lumalink-json\test\test_native\test_main.cpp:390:test_sch_09_codec_wrapped_specs_may_override_schema_generation:PASS
C:\ode\lumalink-json\test\test_native\test_main.cpp:391:test_sch_10_schema_contributors_add_annotation_keywords:PASS
C:\ode\lumalink-json\test\test_native\test_main.cpp:392:test_sch_11_field_schema_contributors_annotate_property_schemas:PASS
C:\ode\lumalink-json\test\test_native\test_main.cpp:393:test_sch_12_schema_contributors_apply_in_declaration_order:PASS
C:\ode\lumalink-json\test\test_native\test_main.cpp:394:test_sch_13_codec_enrich_schema_augments_inner_schema:PASS
C:\ode\lumalink-json\test\test_native\test_main.cpp:395:test_sch_14_codec_emit_schema_takes_precedence_over_enrichment:PASS
C:\ode\lumalink-json\test\test_native\test_main.cpp:396:test_sch_15_schema_contributors_reject_protected_keyword_overrides:PASS
C:\ode\lumalink-json\test\test_native\test_main.cpp:397:test_sch_16_codec_enrichment_rejects_protected_keyword_overrides:PASS
C:\ode\lumalink-json\test\test_native\test_main.cpp:104:test_rfl_03_explicit_field_traits_bind_non_aggregate_models:PASS
C:\ode\lumalink-json\test\test_native\test_main.cpp:105:test_rfl_03_explicit_field_traits_handle_optional_members:PASS

-----------------------
100 Tests 0 Failures 0 Ignored 
OK
<end of output>
Test time =   0.03 sec
----------------------------------------------------------
Test Passed.
"lumalink_json_tests" end time: Apr 10 14:24 Central Daylight Time
"lumalink_json_tests" time elapsed: 00:00:00
----------------------------------------------------------

2/16 Testing: compile_fail/rfl_04_non_aggregate_auto_object_binding_should_fail
2/16 Test: compile_fail/rfl_04_non_aggregate_auto_object_binding_should_fail
Command: "C:/Users/jeffr/AppData/Local/xpack-dev-tools/cmake/xpack-cmake-3.30.7-1/bin/cmake.exe" "-DCOMPILER=C:/Program Files/Microsoft Visual Studio/2022/Community/VC/Tools/MSVC/14.42.34433/bin/Hostx64/x64/cl.exe" "-DINCLUDE_DIRS=C:/ode/lumalink-json/src|C:/ode/lumalink-json/src/libs/pfr|C:/ode/lumalink-json/test/compile_fail|C:/ode/lumalink-json/build/windows-msvc-debug/_deps/arduinojson-src/src" "-DCASE_FILE=C:/ode/lumalink-json/test/compile_fail/rfl_04_non_aggregate_auto_object_binding_should_fail.cpp" "-P" "C:/ode/lumalink-json/cmake/run_compile_fail_test.cmake"
Directory: C:/ode/lumalink-json/build/windows-msvc-debug/test
"compile_fail/rfl_04_non_aggregate_auto_object_binding_should_fail" start time: Apr 10 14:24 Central Daylight Time
Output:
----------------------------------------------------------
-- compile-fail case correctly rejected: C:/ode/lumalink-json/test/compile_fail/rfl_04_non_aggregate_auto_object_binding_should_fail.cpp
<end of output>
Test time =   0.06 sec
----------------------------------------------------------
Test Passed.
"compile_fail/rfl_04_non_aggregate_auto_object_binding_should_fail" end time: Apr 10 14:24 Central Daylight Time
"compile_fail/rfl_04_non_aggregate_auto_object_binding_should_fail" time elapsed: 00:00:00
----------------------------------------------------------

3/16 Testing: compile_fail/rfl_05_polymorphic_auto_object_binding_should_fail
3/16 Test: compile_fail/rfl_05_polymorphic_auto_object_binding_should_fail
Command: "C:/Users/jeffr/AppData/Local/xpack-dev-tools/cmake/xpack-cmake-3.30.7-1/bin/cmake.exe" "-DCOMPILER=C:/Program Files/Microsoft Visual Studio/2022/Community/VC/Tools/MSVC/14.42.34433/bin/Hostx64/x64/cl.exe" "-DINCLUDE_DIRS=C:/ode/lumalink-json/src|C:/ode/lumalink-json/src/libs/pfr|C:/ode/lumalink-json/test/compile_fail|C:/ode/lumalink-json/build/windows-msvc-debug/_deps/arduinojson-src/src" "-DCASE_FILE=C:/ode/lumalink-json/test/compile_fail/rfl_05_polymorphic_auto_object_binding_should_fail.cpp" "-P" "C:/ode/lumalink-json/cmake/run_compile_fail_test.cmake"
Directory: C:/ode/lumalink-json/build/windows-msvc-debug/test
"compile_fail/rfl_05_polymorphic_auto_object_binding_should_fail" start time: Apr 10 14:24 Central Daylight Time
Output:
----------------------------------------------------------
-- compile-fail case correctly rejected: C:/ode/lumalink-json/test/compile_fail/rfl_05_polymorphic_auto_object_binding_should_fail.cpp
<end of output>
Test time =   0.07 sec
----------------------------------------------------------
Test Passed.
"compile_fail/rfl_05_polymorphic_auto_object_binding_should_fail" end time: Apr 10 14:24 Central Daylight Time
"compile_fail/rfl_05_polymorphic_auto_object_binding_should_fail" time elapsed: 00:00:00
----------------------------------------------------------

4/16 Testing: compile_fail/rfl_06_union_auto_object_binding_should_fail
4/16 Test: compile_fail/rfl_06_union_auto_object_binding_should_fail
Command: "C:/Users/jeffr/AppData/Local/xpack-dev-tools/cmake/xpack-cmake-3.30.7-1/bin/cmake.exe" "-DCOMPILER=C:/Program Files/Microsoft Visual Studio/2022/Community/VC/Tools/MSVC/14.42.34433/bin/Hostx64/x64/cl.exe" "-DINCLUDE_DIRS=C:/ode/lumalink-json/src|C:/ode/lumalink-json/src/libs/pfr|C:/ode/lumalink-json/test/compile_fail|C:/ode/lumalink-json/build/windows-msvc-debug/_deps/arduinojson-src/src" "-DCASE_FILE=C:/ode/lumalink-json/test/compile_fail/rfl_06_union_auto_object_binding_should_fail.cpp" "-P" "C:/ode/lumalink-json/cmake/run_compile_fail_test.cmake"
Directory: C:/ode/lumalink-json/build/windows-msvc-debug/test
"compile_fail/rfl_06_union_auto_object_binding_should_fail" start time: Apr 10 14:24 Central Daylight Time
Output:
----------------------------------------------------------
-- compile-fail case correctly rejected: C:/ode/lumalink-json/test/compile_fail/rfl_06_union_auto_object_binding_should_fail.cpp
<end of output>
Test time =   0.06 sec
----------------------------------------------------------
Test Passed.
"compile_fail/rfl_06_union_auto_object_binding_should_fail" end time: Apr 10 14:24 Central Daylight Time
"compile_fail/rfl_06_union_auto_object_binding_should_fail" time elapsed: 00:00:00
----------------------------------------------------------

5/16 Testing: compile_fail/rfl_07_inherited_auto_object_binding_should_fail
5/16 Test: compile_fail/rfl_07_inherited_auto_object_binding_should_fail
Command: "C:/Users/jeffr/AppData/Local/xpack-dev-tools/cmake/xpack-cmake-3.30.7-1/bin/cmake.exe" "-DCOMPILER=C:/Program Files/Microsoft Visual Studio/2022/Community/VC/Tools/MSVC/14.42.34433/bin/Hostx64/x64/cl.exe" "-DINCLUDE_DIRS=C:/ode/lumalink-json/src|C:/ode/lumalink-json/src/libs/pfr|C:/ode/lumalink-json/test/compile_fail|C:/ode/lumalink-json/build/windows-msvc-debug/_deps/arduinojson-src/src" "-DCASE_FILE=C:/ode/lumalink-json/test/compile_fail/rfl_07_inherited_auto_object_binding_should_fail.cpp" "-P" "C:/ode/lumalink-json/cmake/run_compile_fail_test.cmake"
Directory: C:/ode/lumalink-json/build/windows-msvc-debug/test
"compile_fail/rfl_07_inherited_auto_object_binding_should_fail" start time: Apr 10 14:24 Central Daylight Time
Output:
----------------------------------------------------------
-- compile-fail case correctly rejected: C:/ode/lumalink-json/test/compile_fail/rfl_07_inherited_auto_object_binding_should_fail.cpp
<end of output>
Test time =   0.06 sec
----------------------------------------------------------
Test Passed.
"compile_fail/rfl_07_inherited_auto_object_binding_should_fail" end time: Apr 10 14:24 Central Daylight Time
"compile_fail/rfl_07_inherited_auto_object_binding_should_fail" time elapsed: 00:00:00
----------------------------------------------------------

6/16 Testing: compile_fail/rfl_08_arity_limit_auto_object_binding_should_fail
6/16 Test: compile_fail/rfl_08_arity_limit_auto_object_binding_should_fail
Command: "C:/Users/jeffr/AppData/Local/xpack-dev-tools/cmake/xpack-cmake-3.30.7-1/bin/cmake.exe" "-DCOMPILER=C:/Program Files/Microsoft Visual Studio/2022/Community/VC/Tools/MSVC/14.42.34433/bin/Hostx64/x64/cl.exe" "-DINCLUDE_DIRS=C:/ode/lumalink-json/src|C:/ode/lumalink-json/src/libs/pfr|C:/ode/lumalink-json/test/compile_fail|C:/ode/lumalink-json/build/windows-msvc-debug/_deps/arduinojson-src/src" "-DCASE_FILE=C:/ode/lumalink-json/test/compile_fail/rfl_08_arity_limit_auto_object_binding_should_fail.cpp" "-P" "C:/ode/lumalink-json/cmake/run_compile_fail_test.cmake"
Directory: C:/ode/lumalink-json/build/windows-msvc-debug/test
"compile_fail/rfl_08_arity_limit_auto_object_binding_should_fail" start time: Apr 10 14:24 Central Daylight Time
Output:
----------------------------------------------------------
-- compile-fail case correctly rejected: C:/ode/lumalink-json/test/compile_fail/rfl_08_arity_limit_auto_object_binding_should_fail.cpp
<end of output>
Test time =   0.06 sec
----------------------------------------------------------
Test Passed.
"compile_fail/rfl_08_arity_limit_auto_object_binding_should_fail" end time: Apr 10 14:24 Central Daylight Time
"compile_fail/rfl_08_arity_limit_auto_object_binding_should_fail" time elapsed: 00:00:00
----------------------------------------------------------

7/16 Testing: compile_fail/tst_05_harness_smoke_should_fail
7/16 Test: compile_fail/tst_05_harness_smoke_should_fail
Command: "C:/Users/jeffr/AppData/Local/xpack-dev-tools/cmake/xpack-cmake-3.30.7-1/bin/cmake.exe" "-DCOMPILER=C:/Program Files/Microsoft Visual Studio/2022/Community/VC/Tools/MSVC/14.42.34433/bin/Hostx64/x64/cl.exe" "-DINCLUDE_DIRS=C:/ode/lumalink-json/src|C:/ode/lumalink-json/src/libs/pfr|C:/ode/lumalink-json/test/compile_fail|C:/ode/lumalink-json/build/windows-msvc-debug/_deps/arduinojson-src/src" "-DCASE_FILE=C:/ode/lumalink-json/test/compile_fail/tst_05_harness_smoke_should_fail.cpp" "-P" "C:/ode/lumalink-json/cmake/run_compile_fail_test.cmake"
Directory: C:/ode/lumalink-json/build/windows-msvc-debug/test
"compile_fail/tst_05_harness_smoke_should_fail" start time: Apr 10 14:24 Central Daylight Time
Output:
----------------------------------------------------------
-- compile-fail case correctly rejected: C:/ode/lumalink-json/test/compile_fail/tst_05_harness_smoke_should_fail.cpp
<end of output>
Test time =   0.06 sec
----------------------------------------------------------
Test Passed.
"compile_fail/tst_05_harness_smoke_should_fail" end time: Apr 10 14:24 Central Daylight Time
"compile_fail/tst_05_harness_smoke_should_fail" time elapsed: 00:00:00
----------------------------------------------------------

8/16 Testing: compile_fail/val_11_duplicate_min_max_elements_on_array_should_fail
8/16 Test: compile_fail/val_11_duplicate_min_max_elements_on_array_should_fail
Command: "C:/Users/jeffr/AppData/Local/xpack-dev-tools/cmake/xpack-cmake-3.30.7-1/bin/cmake.exe" "-DCOMPILER=C:/Program Files/Microsoft Visual Studio/2022/Community/VC/Tools/MSVC/14.42.34433/bin/Hostx64/x64/cl.exe" "-DINCLUDE_DIRS=C:/ode/lumalink-json/src|C:/ode/lumalink-json/src/libs/pfr|C:/ode/lumalink-json/test/compile_fail|C:/ode/lumalink-json/build/windows-msvc-debug/_deps/arduinojson-src/src" "-DCASE_FILE=C:/ode/lumalink-json/test/compile_fail/val_11_duplicate_min_max_elements_on_array_should_fail.cpp" "-P" "C:/ode/lumalink-json/cmake/run_compile_fail_test.cmake"
Directory: C:/ode/lumalink-json/build/windows-msvc-debug/test
"compile_fail/val_11_duplicate_min_max_elements_on_array_should_fail" start time: Apr 10 14:24 Central Daylight Time
Output:
----------------------------------------------------------
-- compile-fail case correctly rejected: C:/ode/lumalink-json/test/compile_fail/val_11_duplicate_min_max_elements_on_array_should_fail.cpp
<end of output>
Test time =   0.06 sec
----------------------------------------------------------
Test Passed.
"compile_fail/val_11_duplicate_min_max_elements_on_array_should_fail" end time: Apr 10 14:24 Central Daylight Time
"compile_fail/val_11_duplicate_min_max_elements_on_array_should_fail" time elapsed: 00:00:00
----------------------------------------------------------

9/16 Testing: compile_fail/val_11_duplicate_min_max_value_on_integer_should_fail
9/16 Test: compile_fail/val_11_duplicate_min_max_value_on_integer_should_fail
Command: "C:/Users/jeffr/AppData/Local/xpack-dev-tools/cmake/xpack-cmake-3.30.7-1/bin/cmake.exe" "-DCOMPILER=C:/Program Files/Microsoft Visual Studio/2022/Community/VC/Tools/MSVC/14.42.34433/bin/Hostx64/x64/cl.exe" "-DINCLUDE_DIRS=C:/ode/lumalink-json/src|C:/ode/lumalink-json/src/libs/pfr|C:/ode/lumalink-json/test/compile_fail|C:/ode/lumalink-json/build/windows-msvc-debug/_deps/arduinojson-src/src" "-DCASE_FILE=C:/ode/lumalink-json/test/compile_fail/val_11_duplicate_min_max_value_on_integer_should_fail.cpp" "-P" "C:/ode/lumalink-json/cmake/run_compile_fail_test.cmake"
Directory: C:/ode/lumalink-json/build/windows-msvc-debug/test
"compile_fail/val_11_duplicate_min_max_value_on_integer_should_fail" start time: Apr 10 14:24 Central Daylight Time
Output:
----------------------------------------------------------
-- compile-fail case correctly rejected: C:/ode/lumalink-json/test/compile_fail/val_11_duplicate_min_max_value_on_integer_should_fail.cpp
<end of output>
Test time =   0.06 sec
----------------------------------------------------------
Test Passed.
"compile_fail/val_11_duplicate_min_max_value_on_integer_should_fail" end time: Apr 10 14:24 Central Daylight Time
"compile_fail/val_11_duplicate_min_max_value_on_integer_should_fail" time elapsed: 00:00:00
----------------------------------------------------------

10/16 Testing: compile_fail/val_11_duplicate_name_on_integer_should_fail
10/16 Test: compile_fail/val_11_duplicate_name_on_integer_should_fail
Command: "C:/Users/jeffr/AppData/Local/xpack-dev-tools/cmake/xpack-cmake-3.30.7-1/bin/cmake.exe" "-DCOMPILER=C:/Program Files/Microsoft Visual Studio/2022/Community/VC/Tools/MSVC/14.42.34433/bin/Hostx64/x64/cl.exe" "-DINCLUDE_DIRS=C:/ode/lumalink-json/src|C:/ode/lumalink-json/src/libs/pfr|C:/ode/lumalink-json/test/compile_fail|C:/ode/lumalink-json/build/windows-msvc-debug/_deps/arduinojson-src/src" "-DCASE_FILE=C:/ode/lumalink-json/test/compile_fail/val_11_duplicate_name_on_integer_should_fail.cpp" "-P" "C:/ode/lumalink-json/cmake/run_compile_fail_test.cmake"
Directory: C:/ode/lumalink-json/build/windows-msvc-debug/test
"compile_fail/val_11_duplicate_name_on_integer_should_fail" start time: Apr 10 14:24 Central Daylight Time
Output:
----------------------------------------------------------
-- compile-fail case correctly rejected: C:/ode/lumalink-json/test/compile_fail/val_11_duplicate_name_on_integer_should_fail.cpp
<end of output>
Test time =   0.06 sec
----------------------------------------------------------
Test Passed.
"compile_fail/val_11_duplicate_name_on_integer_should_fail" end time: Apr 10 14:24 Central Daylight Time
"compile_fail/val_11_duplicate_name_on_integer_should_fail" time elapsed: 00:00:00
----------------------------------------------------------

11/16 Testing: compile_fail/val_11_duplicate_pattern_on_string_should_fail
11/16 Test: compile_fail/val_11_duplicate_pattern_on_string_should_fail
Command: "C:/Users/jeffr/AppData/Local/xpack-dev-tools/cmake/xpack-cmake-3.30.7-1/bin/cmake.exe" "-DCOMPILER=C:/Program Files/Microsoft Visual Studio/2022/Community/VC/Tools/MSVC/14.42.34433/bin/Hostx64/x64/cl.exe" "-DINCLUDE_DIRS=C:/ode/lumalink-json/src|C:/ode/lumalink-json/src/libs/pfr|C:/ode/lumalink-json/test/compile_fail|C:/ode/lumalink-json/build/windows-msvc-debug/_deps/arduinojson-src/src" "-DCASE_FILE=C:/ode/lumalink-json/test/compile_fail/val_11_duplicate_pattern_on_string_should_fail.cpp" "-P" "C:/ode/lumalink-json/cmake/run_compile_fail_test.cmake"
Directory: C:/ode/lumalink-json/build/windows-msvc-debug/test
"compile_fail/val_11_duplicate_pattern_on_string_should_fail" start time: Apr 10 14:24 Central Daylight Time
Output:
----------------------------------------------------------
-- compile-fail case correctly rejected: C:/ode/lumalink-json/test/compile_fail/val_11_duplicate_pattern_on_string_should_fail.cpp
<end of output>
Test time =   0.06 sec
----------------------------------------------------------
Test Passed.
"compile_fail/val_11_duplicate_pattern_on_string_should_fail" end time: Apr 10 14:24 Central Daylight Time
"compile_fail/val_11_duplicate_pattern_on_string_should_fail" time elapsed: 00:00:00
----------------------------------------------------------

12/16 Testing: compile_fail/val_11_duplicate_validator_on_integer_should_fail
12/16 Test: compile_fail/val_11_duplicate_validator_on_integer_should_fail
Command: "C:/Users/jeffr/AppData/Local/xpack-dev-tools/cmake/xpack-cmake-3.30.7-1/bin/cmake.exe" "-DCOMPILER=C:/Program Files/Microsoft Visual Studio/2022/Community/VC/Tools/MSVC/14.42.34433/bin/Hostx64/x64/cl.exe" "-DINCLUDE_DIRS=C:/ode/lumalink-json/src|C:/ode/lumalink-json/src/libs/pfr|C:/ode/lumalink-json/test/compile_fail|C:/ode/lumalink-json/build/windows-msvc-debug/_deps/arduinojson-src/src" "-DCASE_FILE=C:/ode/lumalink-json/test/compile_fail/val_11_duplicate_validator_on_integer_should_fail.cpp" "-P" "C:/ode/lumalink-json/cmake/run_compile_fail_test.cmake"
Directory: C:/ode/lumalink-json/build/windows-msvc-debug/test
"compile_fail/val_11_duplicate_validator_on_integer_should_fail" start time: Apr 10 14:24 Central Daylight Time
Output:
----------------------------------------------------------
-- compile-fail case correctly rejected: C:/ode/lumalink-json/test/compile_fail/val_11_duplicate_validator_on_integer_should_fail.cpp
<end of output>
Test time =   0.06 sec
----------------------------------------------------------
Test Passed.
"compile_fail/val_11_duplicate_validator_on_integer_should_fail" end time: Apr 10 14:24 Central Daylight Time
"compile_fail/val_11_duplicate_validator_on_integer_should_fail" time elapsed: 00:00:00
----------------------------------------------------------

13/16 Testing: compile_fail/val_12_array_validator_returns_string_should_fail
13/16 Test: compile_fail/val_12_array_validator_returns_string_should_fail
Command: "C:/Users/jeffr/AppData/Local/xpack-dev-tools/cmake/xpack-cmake-3.30.7-1/bin/cmake.exe" "-DCOMPILER=C:/Program Files/Microsoft Visual Studio/2022/Community/VC/Tools/MSVC/14.42.34433/bin/Hostx64/x64/cl.exe" "-DINCLUDE_DIRS=C:/ode/lumalink-json/src|C:/ode/lumalink-json/src/libs/pfr|C:/ode/lumalink-json/test/compile_fail|C:/ode/lumalink-json/build/windows-msvc-debug/_deps/arduinojson-src/src" "-DCASE_FILE=C:/ode/lumalink-json/test/compile_fail/val_12_array_validator_returns_string_should_fail.cpp" "-P" "C:/ode/lumalink-json/cmake/run_compile_fail_test.cmake"
Directory: C:/ode/lumalink-json/build/windows-msvc-debug/test
"compile_fail/val_12_array_validator_returns_string_should_fail" start time: Apr 10 14:24 Central Daylight Time
Output:
----------------------------------------------------------
-- compile-fail case correctly rejected: C:/ode/lumalink-json/test/compile_fail/val_12_array_validator_returns_string_should_fail.cpp
<end of output>
Test time =   0.06 sec
----------------------------------------------------------
Test Passed.
"compile_fail/val_12_array_validator_returns_string_should_fail" end time: Apr 10 14:24 Central Daylight Time
"compile_fail/val_12_array_validator_returns_string_should_fail" time elapsed: 00:00:00
----------------------------------------------------------

14/16 Testing: compile_fail/val_12_validator_returns_expected_int_should_fail
14/16 Test: compile_fail/val_12_validator_returns_expected_int_should_fail
Command: "C:/Users/jeffr/AppData/Local/xpack-dev-tools/cmake/xpack-cmake-3.30.7-1/bin/cmake.exe" "-DCOMPILER=C:/Program Files/Microsoft Visual Studio/2022/Community/VC/Tools/MSVC/14.42.34433/bin/Hostx64/x64/cl.exe" "-DINCLUDE_DIRS=C:/ode/lumalink-json/src|C:/ode/lumalink-json/src/libs/pfr|C:/ode/lumalink-json/test/compile_fail|C:/ode/lumalink-json/build/windows-msvc-debug/_deps/arduinojson-src/src" "-DCASE_FILE=C:/ode/lumalink-json/test/compile_fail/val_12_validator_returns_expected_int_should_fail.cpp" "-P" "C:/ode/lumalink-json/cmake/run_compile_fail_test.cmake"
Directory: C:/ode/lumalink-json/build/windows-msvc-debug/test
"compile_fail/val_12_validator_returns_expected_int_should_fail" start time: Apr 10 14:24 Central Daylight Time
Output:
----------------------------------------------------------
-- compile-fail case correctly rejected: C:/ode/lumalink-json/test/compile_fail/val_12_validator_returns_expected_int_should_fail.cpp
<end of output>
Test time =   0.06 sec
----------------------------------------------------------
Test Passed.
"compile_fail/val_12_validator_returns_expected_int_should_fail" end time: Apr 10 14:24 Central Daylight Time
"compile_fail/val_12_validator_returns_expected_int_should_fail" time elapsed: 00:00:00
----------------------------------------------------------

15/16 Testing: compile_fail/val_12_validator_returns_int_should_fail
15/16 Test: compile_fail/val_12_validator_returns_int_should_fail
Command: "C:/Users/jeffr/AppData/Local/xpack-dev-tools/cmake/xpack-cmake-3.30.7-1/bin/cmake.exe" "-DCOMPILER=C:/Program Files/Microsoft Visual Studio/2022/Community/VC/Tools/MSVC/14.42.34433/bin/Hostx64/x64/cl.exe" "-DINCLUDE_DIRS=C:/ode/lumalink-json/src|C:/ode/lumalink-json/src/libs/pfr|C:/ode/lumalink-json/test/compile_fail|C:/ode/lumalink-json/build/windows-msvc-debug/_deps/arduinojson-src/src" "-DCASE_FILE=C:/ode/lumalink-json/test/compile_fail/val_12_validator_returns_int_should_fail.cpp" "-P" "C:/ode/lumalink-json/cmake/run_compile_fail_test.cmake"
Directory: C:/ode/lumalink-json/build/windows-msvc-debug/test
"compile_fail/val_12_validator_returns_int_should_fail" start time: Apr 10 14:24 Central Daylight Time
Output:
----------------------------------------------------------
-- compile-fail case correctly rejected: C:/ode/lumalink-json/test/compile_fail/val_12_validator_returns_int_should_fail.cpp
<end of output>
Test time =   0.06 sec
----------------------------------------------------------
Test Passed.
"compile_fail/val_12_validator_returns_int_should_fail" end time: Apr 10 14:24 Central Daylight Time
"compile_fail/val_12_validator_returns_int_should_fail" time elapsed: 00:00:00
----------------------------------------------------------

16/16 Testing: compile_fail/val_12_validator_returns_void_should_fail
16/16 Test: compile_fail/val_12_validator_returns_void_should_fail
Command: "C:/Users/jeffr/AppData/Local/xpack-dev-tools/cmake/xpack-cmake-3.30.7-1/bin/cmake.exe" "-DCOMPILER=C:/Program Files/Microsoft Visual Studio/2022/Community/VC/Tools/MSVC/14.42.34433/bin/Hostx64/x64/cl.exe" "-DINCLUDE_DIRS=C:/ode/lumalink-json/src|C:/ode/lumalink-json/src/libs/pfr|C:/ode/lumalink-json/test/compile_fail|C:/ode/lumalink-json/build/windows-msvc-debug/_deps/arduinojson-src/src" "-DCASE_FILE=C:/ode/lumalink-json/test/compile_fail/val_12_validator_returns_void_should_fail.cpp" "-P" "C:/ode/lumalink-json/cmake/run_compile_fail_test.cmake"
Directory: C:/ode/lumalink-json/build/windows-msvc-debug/test
"compile_fail/val_12_validator_returns_void_should_fail" start time: Apr 10 14:24 Central Daylight Time
Output:
----------------------------------------------------------
-- compile-fail case correctly rejected: C:/ode/lumalink-json/test/compile_fail/val_12_validator_returns_void_should_fail.cpp
<end of output>
Test time =   0.06 sec
----------------------------------------------------------
Test Passed.
"compile_fail/val_12_validator_returns_void_should_fail" end time: Apr 10 14:24 Central Daylight Time
"compile_fail/val_12_validator_returns_void_should_fail" time elapsed: 00:00:00
----------------------------------------------------------

End testing: Apr 10 14:24 Central Daylight Time
